<?xml version="1.0" encoding="UTF-8"?>
<testng-results ignored="0" total="2" passed="2" failed="0" skipped="0">
  <reporter-output>
  </reporter-output>
  <suite started-at="2022-07-02T01:01:21 IST" name="Default suite" finished-at="2022-07-02T01:01:22 IST" duration-ms="311">
    <groups>
    </groups>
    <test started-at="2022-07-02T01:01:21 IST" name="Default test" finished-at="2022-07-02T01:01:22 IST" duration-ms="311">
      <class name="PojoPayloads.jsonArraySeril">
        <test-method signature="JsonArraySerial()[pri:0, instance:PojoPayloads.jsonArraySeril@619713e5]" started-at="2022-07-02T01:01:21 IST" name="JsonArraySerial" finished-at="2022-07-02T01:01:21 IST" duration-ms="192" status="PASS">
          <reporter-output>
          </reporter-output>
        </test-method> <!-- JsonArraySerial -->
        <test-method signature="getJsonArray()[pri:0, instance:PojoPayloads.jsonArraySeril@619713e5]" started-at="2022-07-02T01:01:21 IST" name="getJsonArray" finished-at="2022-07-02T01:01:22 IST" duration-ms="78" status="PASS">
          <reporter-output>
          </reporter-output>
        </test-method> <!-- getJsonArray -->
      </class> <!-- PojoPayloads.jsonArraySeril -->
    </test> <!-- Default test -->
  </suite> <!-- Default suite -->
</testng-results>
